<?xml version="1.0" encoding="UTF-8"?>
<coverage generated="1656241747">
  <project timestamp="1656241747">
    <file name="/home/runner/work/composite-value-objects/composite-value-objects/src/CompositeValueObject.php">
      <class name="Apie\CompositeValueObjects\CompositeValueObject" namespace="global">
        <metrics complexity="12" methods="3" coveredmethods="2" conditionals="0" coveredconditionals="0" statements="26" coveredstatements="25" elements="29" coveredelements="27"/>
      </class>
      <line num="20" type="method" name="getFields" visibility="public" complexity="5" crap="5" count="9"/>
      <line num="22" type="stmt" count="9"/>
      <line num="23" type="stmt" count="3"/>
      <line num="24" type="stmt" count="3"/>
      <line num="25" type="stmt" count="3"/>
      <line num="26" type="stmt" count="3"/>
      <line num="27" type="stmt" count="3"/>
      <line num="29" type="stmt" count="3"/>
      <line num="30" type="stmt" count="1"/>
      <line num="32" type="stmt" count="3"/>
      <line num="34" type="stmt" count="3"/>
      <line num="37" type="stmt" count="9"/>
      <line num="40" type="method" name="fromNative" visibility="public" complexity="4" crap="4.02" count="9"/>
      <line num="42" type="stmt" count="9"/>
      <line num="43" type="stmt" count="9"/>
      <line num="44" type="stmt" count="9"/>
      <line num="45" type="stmt" count="9"/>
      <line num="46" type="stmt" count="9"/>
      <line num="47" type="stmt" count="7"/>
      <line num="49" type="stmt" count="4"/>
      <line num="52" type="stmt" count="9"/>
      <line num="53" type="stmt" count="0"/>
      <line num="55" type="stmt" count="9"/>
      <line num="57" type="method" name="toNative" visibility="public" complexity="3" crap="3" count="4"/>
      <line num="59" type="stmt" count="4"/>
      <line num="60" type="stmt" count="4"/>
      <line num="61" type="stmt" count="4"/>
      <line num="62" type="stmt" count="4"/>
      <line num="65" type="stmt" count="4"/>
      <metrics loc="68" ncloc="62" classes="1" methods="3" coveredmethods="2" conditionals="0" coveredconditionals="0" statements="26" coveredstatements="25" elements="29" coveredelements="27"/>
    </file>
    <file name="/home/runner/work/composite-value-objects/composite-value-objects/src/Fields/FieldInterface.php">
      <metrics loc="23" ncloc="23" classes="0" methods="0" coveredmethods="0" conditionals="0" coveredconditionals="0" statements="0" coveredstatements="0" elements="0" coveredelements="0"/>
    </file>
    <file name="/home/runner/work/composite-value-objects/composite-value-objects/src/Fields/FromProperty.php">
      <class name="Apie\CompositeValueObjects\Fields\FromProperty" namespace="global">
        <metrics complexity="15" methods="9" coveredmethods="6" conditionals="0" coveredconditionals="0" statements="20" coveredstatements="17" elements="29" coveredelements="23"/>
      </class>
      <line num="16" type="method" name="__construct" visibility="public" complexity="1" crap="1" count="3"/>
      <line num="18" type="stmt" count="3"/>
      <line num="19" type="stmt" count="3"/>
      <line num="22" type="method" name="getTypehint" visibility="public" complexity="1" crap="2" count="0"/>
      <line num="24" type="stmt" count="0"/>
      <line num="27" type="method" name="isOptional" visibility="public" complexity="3" crap="3" count="4"/>
      <line num="29" type="stmt" count="4"/>
      <line num="30" type="stmt" count="4"/>
      <line num="31" type="stmt" count="4"/>
      <line num="34" type="method" name="fromNative" visibility="public" complexity="3" crap="3.14" count="7"/>
      <line num="36" type="stmt" count="7"/>
      <line num="37" type="stmt" count="7"/>
      <line num="38" type="stmt" count="0"/>
      <line num="40" type="stmt" count="7"/>
      <line num="43" type="method" name="fillField" visibility="public" complexity="1" crap="1" count="7"/>
      <line num="45" type="stmt" count="7"/>
      <line num="48" type="method" name="fillMissingField" visibility="public" complexity="3" crap="3.07" count="4"/>
      <line num="50" type="stmt" count="4"/>
      <line num="51" type="stmt" count="0"/>
      <line num="53" type="stmt" count="4"/>
      <line num="54" type="stmt" count="3"/>
      <line num="56" type="stmt" count="3"/>
      <line num="59" type="method" name="isInitialized" visibility="public" complexity="1" crap="1" count="4"/>
      <line num="61" type="stmt" count="4"/>
      <line num="64" type="method" name="getValue" visibility="public" complexity="1" crap="1" count="4"/>
      <line num="66" type="stmt" count="4"/>
      <line num="69" type="method" name="toNative" visibility="public" complexity="1" crap="1" count="4"/>
      <line num="71" type="stmt" count="4"/>
      <line num="72" type="stmt" count="4"/>
      <metrics loc="75" ncloc="75" classes="1" methods="9" coveredmethods="6" conditionals="0" coveredconditionals="0" statements="20" coveredstatements="17" elements="29" coveredelements="23"/>
    </file>
    <metrics files="3" loc="166" ncloc="160" classes="2" methods="12" coveredmethods="8" conditionals="0" coveredconditionals="0" statements="46" coveredstatements="42" elements="58" coveredelements="50"/>
  </project>
</coverage>
